2014-04-08 11:49:39,695 - [INFO] - from play in pool-6-thread-2 
Listening for HTTP on /0:0:0:0:0:0:0:0:9000

2014-04-08 11:49:59,566 - [DEBUG] - from application in play-internal-execution-context-1 
Directory for migration files found. db/migration/default

2014-04-08 11:50:03,083 - [INFO] - from com.googlecode.flyway.core.command.DbMigrate in play-internal-execution-context-1 
Current version of schema "PUBLIC": 1

2014-04-08 11:50:03,083 - [INFO] - from com.googlecode.flyway.core.command.DbMigrate in play-internal-execution-context-1 
Schema "PUBLIC" is up to date. No migration necessary.

2014-04-08 11:50:03,374 - [INFO] - from application in play-internal-execution-context-1 
[dreampie] loaded index plugin: index.IndexPlugin

2014-04-08 11:50:03,411 - [INFO] - from application in play-internal-execution-context-1 
Elasticsearch : Settings  {client.transport.sniff=true}

2014-04-08 11:50:03,413 - [INFO] - from application in play-internal-execution-context-1 
ElasticSearch : Starting in Local Mode

2014-04-08 11:50:08,708 - [INFO] - from application in play-internal-execution-context-1 
ElasticSearch : Started in Local Mode

2014-04-08 11:50:08,712 - [INFO] - from application in play-internal-execution-context-1 
[dreampie] loaded templates plugin: secure.templates.DefaultTemplatesPlugin

2014-04-08 11:50:08,992 - [INFO] - from application in play-internal-execution-context-1 
[dreampie] loaded User provider: userpass

2014-04-08 11:50:08,994 - [INFO] - from application in play-internal-execution-context-1 
[dreampie] loaded User provider: github

2014-04-08 11:50:09,699 - [INFO] - from play in play-internal-execution-context-1 
Starting application default Akka system.

2014-04-08 11:50:09,757 - [INFO] - from akka.event.slf4j.Slf4jLogger in play-akka.actor.default-dispatcher-7 
Slf4jLogger started

2014-04-08 11:50:09,765 - [INFO] - from application in play-internal-execution-context-1 
[dreampie] loaded user service: class services.DbUserService

2014-04-08 11:50:09,766 - [INFO] - from application in play-internal-execution-context-1 
[dreampie] loaded event listener my_event_listener

2014-04-08 11:50:09,796 - [DEBUG] - from application in play-akka.actor.default-dispatcher-7 
[dreampie] calling deleteExpiredTokens()

2014-04-08 11:50:10,409 - [INFO] - from scalikejdbc.StatementExecutor$$anon$1 in play-akka.actor.default-dispatcher-7 
[SQL Execution] delete from SEC_TOKEN where EXPIRATION_AT < '2014-04-08 11:50:10.049'; (1 ms)

2014-04-08 11:50:10,525 - [INFO] - from scalikejdbc.StatementExecutor$$anon$1 in play-internal-execution-context-1 
[SQL Execution] select count(1) from sec_user u; (0 ms)

2014-04-08 11:50:10,528 - [INFO] - from scalikejdbc.StatementExecutor$$anon$1 in play-internal-execution-context-1 
[SQL Execution] select count(1) from sec_role r; (0 ms)

2014-04-08 11:50:10,530 - [INFO] - from scalikejdbc.StatementExecutor$$anon$1 in play-internal-execution-context-1 
[SQL Execution] select count(1) from sec_permission p; (0 ms)

2014-04-08 11:50:10,570 - [INFO] - from application in play-internal-execution-context-1 
[dreampie] user index is exist as true

2014-04-08 11:50:10,652 - [INFO] - from scalikejdbc.StatementExecutor$$anon$1 in play-internal-execution-context-1 
[SQL Execution] select u.id as i_on_u, u.username as u_on_u, u.providername as p1_on_u, u.email as e_on_u, u.mobile as m_on_u, u.password as p2_on_u, u.hasher as h_on_u, u.salt as s_on_u, u.avatar_url as au_on_u, u.first_name as fn1_on_u, u.last_name as ln_on_u, u.full_name as fn2_on_u, u.created_at as ca_on_u, u.updated_at as ua_on_u, u.deleted_at as da_on_u , i.id as i_on_i, i.user_id as ui_on_i, i.creator_id as ci_on_i, i.gender as g_on_i, i.created_at as ca_on_i, i.updated_at as ua_on_i, i.deleted_at as da_on_i , ur.id as i_on_ur, ur.user_id as ui_on_ur, ur.role_id as ri_on_ur , r.id as i1_on_r, r.name as n_on_r, r.value as v_on_r, r.intro as i2_on_r, r.created_at as ca_on_r, r.updated_at as ua_on_r, r.deleted_at as da_on_r , rp.id as i_on_rp, rp.role_id as ri_on_rp, rp.permission_id as pi_on_rp , p.id as i1_on_p, p.name as n_on_p, p.value as v_on_p, p.url as u_on_p, p.intro as i2_on_p, p.created_at as ca_on_p, p.updated_at as ua_on_p, p.deleted_at as da_on_p from sec_user u left join sec_user_info i on i.user_id = u.id and i.deleted_at is null left join sec_user_role ur on ur.user_id = u.id left join sec_role r on ur.role_id = r.id and r.deleted_at is null left join sec_role_permission rp on rp.role_id = r.id left join sec_permission p on rp.permission_id = p.id where u.deleted_at is null; (0 ms)

2014-04-08 11:50:11,647 - [INFO] - from play in play-internal-execution-context-1 
Application started (Dev)

2014-04-08 11:50:11,952 - [INFO] - from application in play-akka.actor.default-dispatcher-5 
GET / took 184ms and returned 200

2014-04-08 11:50:14,686 - [INFO] - from application in play-akka.actor.default-dispatcher-6 
GET /webjars/bootstrap/3.1.1/css/bootstrap-theme.min.css took 79ms and returned 304

2014-04-08 11:50:14,688 - [INFO] - from application in play-akka.actor.default-dispatcher-3 
GET /webjars/bootstrap/3.1.1/css/bootstrap.min.css took 76ms and returned 304

2014-04-08 11:50:14,690 - [INFO] - from application in play-akka.actor.default-dispatcher-5 
GET /webjars/font-awesome/4.0.3/css/font-awesome.min.css took 75ms and returned 304

2014-04-08 11:50:14,699 - [INFO] - from application in play-akka.actor.default-dispatcher-6 
GET /webjars/underscorejs/1.5.2/underscore-min.js took 9ms and returned 304

2014-04-08 11:50:14,704 - [INFO] - from application in play-akka.actor.default-dispatcher-6 
GET /webjars/jquery/1.11.0/jquery.min.js took 96ms and returned 304

2014-04-08 11:50:14,721 - [INFO] - from application in play-akka.actor.default-dispatcher-6 
GET /assets/javascripts/main/jquery.unveil.min.js took 4ms and returned 304

2014-04-08 11:50:14,727 - [INFO] - from application in play-akka.actor.default-dispatcher-6 
GET /assets/javascripts/main/jquery.scrollUp.min.js took 2ms and returned 304

2014-04-08 11:50:14,732 - [INFO] - from application in play-akka.actor.default-dispatcher-5 
GET /webjars/backbonejs/1.1.0/backbone.min.js took 12ms and returned 304

2014-04-08 11:50:14,751 - [INFO] - from application in play-akka.actor.default-dispatcher-7 
GET /assets/javascripts/routes took 108ms and returned 200

2014-04-08 11:50:14,755 - [INFO] - from application in play-akka.actor.default-dispatcher-4 
GET /webjars/bootstrap/3.1.1/js/bootstrap.min.js took 29ms and returned 304

2014-04-08 11:50:14,757 - [INFO] - from application in play-akka.actor.default-dispatcher-4 
GET /assets/stylesheets/main.min.css took 150ms and returned 200

2014-04-08 11:50:14,792 - [INFO] - from application in play-akka.actor.default-dispatcher-8 
GET /assets/images/app/1.jpg took 2ms and returned 304

2014-04-08 11:50:14,882 - [INFO] - from application in play-akka.actor.default-dispatcher-7 
GET /assets/images/app/2.jpg took 2ms and returned 304

2014-04-08 11:50:14,908 - [INFO] - from application in play-akka.actor.default-dispatcher-7 
GET /assets/images/app/3.jpg took 2ms and returned 304

2014-04-08 11:50:15,239 - [INFO] - from application in play-akka.actor.default-dispatcher-4 
GET /assets/images/main/to_top.png took 3ms and returned 304

2014-04-08 11:50:15,356 - [INFO] - from application in play-akka.actor.default-dispatcher-4 
GET /webjars/bootstrap/3.1.1/fonts/glyphicons-halflings-regular.woff took 21ms and returned 304

2014-04-08 11:50:15,882 - [INFO] - from application in play-akka.actor.default-dispatcher-7 
GET /assets/images/favicon.png took 4ms and returned 304

2014-04-08 11:55:09,772 - [DEBUG] - from application in play-akka.actor.default-dispatcher-6 
[dreampie] calling deleteExpiredTokens()

2014-04-08 11:55:09,775 - [INFO] - from scalikejdbc.StatementExecutor$$anon$1 in play-akka.actor.default-dispatcher-6 
[SQL Execution] delete from SEC_TOKEN where EXPIRATION_AT < '2014-04-08 11:55:09.772'; (0 ms)

2014-04-08 12:00:09,789 - [DEBUG] - from application in play-akka.actor.default-dispatcher-6 
[dreampie] calling deleteExpiredTokens()

2014-04-08 12:00:09,791 - [INFO] - from scalikejdbc.StatementExecutor$$anon$1 in play-akka.actor.default-dispatcher-6 
[SQL Execution] delete from SEC_TOKEN where EXPIRATION_AT < '2014-04-08 12:00:09.789'; (1 ms)

2014-04-08 12:05:09,797 - [DEBUG] - from application in play-akka.actor.default-dispatcher-6 
[dreampie] calling deleteExpiredTokens()

2014-04-08 12:05:09,798 - [INFO] - from scalikejdbc.StatementExecutor$$anon$1 in play-akka.actor.default-dispatcher-6 
[SQL Execution] delete from SEC_TOKEN where EXPIRATION_AT < '2014-04-08 12:05:09.797'; (0 ms)

2014-04-08 12:10:09,804 - [DEBUG] - from application in play-akka.actor.default-dispatcher-6 
[dreampie] calling deleteExpiredTokens()

2014-04-08 12:10:09,806 - [INFO] - from scalikejdbc.StatementExecutor$$anon$1 in play-akka.actor.default-dispatcher-6 
[SQL Execution] delete from SEC_TOKEN where EXPIRATION_AT < '2014-04-08 12:10:09.805'; (1 ms)

2014-04-08 12:15:09,809 - [DEBUG] - from application in play-akka.actor.default-dispatcher-6 
[dreampie] calling deleteExpiredTokens()

2014-04-08 12:15:09,812 - [INFO] - from scalikejdbc.StatementExecutor$$anon$1 in play-akka.actor.default-dispatcher-6 
[SQL Execution] delete from SEC_TOKEN where EXPIRATION_AT < '2014-04-08 12:15:09.81'; (0 ms)

2014-04-08 12:20:09,821 - [DEBUG] - from application in play-akka.actor.default-dispatcher-6 
[dreampie] calling deleteExpiredTokens()

2014-04-08 12:20:09,823 - [INFO] - from scalikejdbc.StatementExecutor$$anon$1 in play-akka.actor.default-dispatcher-6 
[SQL Execution] delete from SEC_TOKEN where EXPIRATION_AT < '2014-04-08 12:20:09.822'; (0 ms)

2014-04-08 12:25:09,826 - [DEBUG] - from application in play-akka.actor.default-dispatcher-6 
[dreampie] calling deleteExpiredTokens()

2014-04-08 12:25:09,828 - [INFO] - from scalikejdbc.StatementExecutor$$anon$1 in play-akka.actor.default-dispatcher-6 
[SQL Execution] delete from SEC_TOKEN where EXPIRATION_AT < '2014-04-08 12:25:09.827'; (0 ms)

